18:13:23: Creating resource group General
18:13:23: Creating resource group Internal
18:13:23: Creating resource group Autodetect
18:13:23: SceneManagerFactory for type 'DefaultSceneManager' registered.
18:13:23: Registering ResourceManager for type Material
18:13:23: Registering ResourceManager for type Mesh
18:13:23: Registering ResourceManager for type Skeleton
18:13:23: MovableObjectFactory for type 'ParticleSystem' registered.
18:13:23: OverlayElementFactory for type Panel registered.
18:13:23: OverlayElementFactory for type BorderPanel registered.
18:13:23: OverlayElementFactory for type TextArea registered.
18:13:23: Registering ResourceManager for type Font
18:13:23: ArchiveFactory for archive type FileSystem registered.
18:13:23: ArchiveFactory for archive type Zip registered.
18:13:23: FreeImage version: 3.10.0
18:13:23: This program uses FreeImage, a free, open source image library supporting all common bitmap formats. See http://freeimage.sourceforge.net for details
18:13:23: Supported formats: bmp,ico,jpg,jif,jpeg,jpe,jng,koa,iff,lbm,mng,pbm,pbm,pcd,pcx,pgm,pgm,png,ppm,ppm,ras,tga,targa,tif,tiff,wap,wbmp,wbm,psd,cut,xbm,xpm,gif,hdr,g3,sgi,exr,j2k,j2c,jp2
18:13:23: DDS codec registering
18:13:23: Registering ResourceManager for type HighLevelGpuProgram
18:13:23: Registering ResourceManager for type Compositor
18:13:23: MovableObjectFactory for type 'Entity' registered.
18:13:23: MovableObjectFactory for type 'Light' registered.
18:13:23: MovableObjectFactory for type 'BillboardSet' registered.
18:13:23: MovableObjectFactory for type 'ManualObject' registered.
18:13:23: MovableObjectFactory for type 'BillboardChain' registered.
18:13:23: MovableObjectFactory for type 'RibbonTrail' registered.
18:13:23: Loading library /usr/local/lib/OGRE/RenderSystem_GL.so
18:13:24: Installing plugin: GL RenderSystem
18:13:24: OpenGL Rendering Subsystem created.
18:13:24: Plugin successfully installed
18:13:24: Loading library /usr/local/lib/OGRE/Plugin_ParticleFX.so
18:13:24: Installing plugin: ParticleFX
18:13:24: Particle Emitter Type 'Point' registered
18:13:24: Particle Emitter Type 'Box' registered
18:13:24: Particle Emitter Type 'Ellipsoid' registered
18:13:24: Particle Emitter Type 'Cylinder' registered
18:13:24: Particle Emitter Type 'Ring' registered
18:13:24: Particle Emitter Type 'HollowEllipsoid' registered
18:13:24: Particle Affector Type 'LinearForce' registered
18:13:24: Particle Affector Type 'ColourFader' registered
18:13:24: Particle Affector Type 'ColourFader2' registered
18:13:24: Particle Affector Type 'ColourImage' registered
18:13:24: Particle Affector Type 'ColourInterpolator' registered
18:13:24: Particle Affector Type 'Scaler' registered
18:13:24: Particle Affector Type 'Rotator' registered
18:13:24: Particle Affector Type 'DirectionRandomiser' registered
18:13:24: Particle Affector Type 'DeflectorPlane' registered
18:13:24: Plugin successfully installed
18:13:24: Loading library /usr/local/lib/OGRE/Plugin_BSPSceneManager.so
18:13:24: Installing plugin: BSP Scene Manager
18:13:24: Plugin successfully installed
18:13:24: Loading library /usr/local/lib/OGRE/Plugin_OctreeSceneManager.so
18:13:24: Installing plugin: Octree & Terrain Scene Manager
18:13:24: Plugin successfully installed
18:13:24: Loading library /usr/local/lib/OGRE/Plugin_CgProgramManager.so
18:13:24: Installing plugin: Cg Program Manager
18:13:24: Plugin successfully installed
18:13:24: *-*-* OGRE Initialising
18:13:24: *-*-* Version 1.6.3 (Shoggoth)
18:13:24: Added resource location '.' of type 'FileSystem' to resource group 'General'
18:13:24: Added resource location './fhe' of type 'FileSystem' to resource group 'General'
18:13:24: Added resource location './fhe/math' of type 'FileSystem' to resource group 'General'
18:13:24: Added resource location './ogre' of type 'FileSystem' to resource group 'General'
18:13:24: Added resource location './ogre/media' of type 'FileSystem' to resource group 'General'
18:13:24: Added resource location './ogre/media/gui' of type 'FileSystem' to resource group 'General'
18:13:24: Added resource location './ogre/media/robot' of type 'FileSystem' to resource group 'General'
18:13:24: Added resource location './ogre/media/fonts' of type 'FileSystem' to resource group 'General'
18:13:24: Added resource location './test' of type 'FileSystem' to resource group 'General'
18:13:24: Added resource location './ext' of type 'FileSystem' to resource group 'General'
18:13:24: Added resource location './ext/tinyxml' of type 'FileSystem' to resource group 'General'
18:13:24: CPU Identifier & Features
18:13:24: -------------------------
18:13:24:  *   CPU ID: GenuineIntel: Intel(R) Core(TM)2 Quad  CPU   Q8200  @ 2.33GHz
18:13:24:  *      SSE: yes
18:13:24:  *     SSE2: yes
18:13:24:  *     SSE3: yes
18:13:24:  *      MMX: yes
18:13:24:  *   MMXEXT: yes
18:13:24:  *    3DNOW: no
18:13:24:  * 3DNOWEXT: no
18:13:24:  *     CMOV: yes
18:13:24:  *      TSC: yes
18:13:24:  *      FPU: yes
18:13:24:  *      PRO: yes
18:13:24:  *       HT: no
18:13:24: -------------------------
18:13:24: ******************************
*** Starting GLX Subsystem ***
******************************
18:13:24: GLRenderSystem::_createRenderWindow "OGRE Render Window", 320x200 windowed  miscParams: FSAA=0 displayFrequency=60 MHz gamma= vsync=No 
18:13:24: OGRE EXCEPTION(6:FileNotFoundException): Cannot locate resource GLX_icon.png in resource group General or any other group. in ResourceGroupManager::openResource at OgreResourceGroupManager.cpp (line 753)
18:13:24: GLXWindow::create used FBConfigID = 39
18:13:24: GL_VERSION = 2.1.8575
18:13:24: GL_VENDOR = ATI Technologies Inc.
18:13:24: GL_RENDERER = ATI Radeon HD 3450
18:13:24: GL_EXTENSIONS = GL_AMD_performance_monitor GL_ARB_color_buffer_float GL_ARB_depth_buffer_float GL_ARB_depth_texture GL_ARB_draw_buffers GL_ARB_draw_instanced GL_ARB_fragment_program GL_ARB_fragment_program_shadow GL_ARB_fragment_shader GL_ARB_framebuffer_object GL_ARB_framebuffer_sRGB GL_ARB_half_float_pixel GL_ARB_half_float_vertex GL_ARB_instanced_arrays GL_ARB_map_buffer_range GL_ARB_multisample GL_ARB_multitexture GL_ARB_occlusion_query GL_ARB_pixel_buffer_object GL_ARB_point_parameters GL_ARB_point_sprite GL_ARB_shader_objects GL_ARB_shader_texture_lod GL_ARB_shading_language_100 GL_ARB_shadow GL_ARB_shadow_ambient GL_ARB_texture_border_clamp GL_ARB_texture_buffer_object GL_ARB_texture_compression GL_ARB_texture_compression_rgtc GL_ARB_texture_cube_map GL_ARB_texture_env_add GL_ARB_texture_env_combine GL_ARB_texture_env_crossbar GL_ARB_texture_env_dot3 GL_ARB_texture_float GL_ARB_texture_mirrored_repeat GL_ARB_texture_non_power_of_two GL_ARB_texture_rectangle GL_ARB_texture_rg GL_ARB_transpose_matrix GL_ARB_vertex_array_object GL_ARB_vertex_buffer_object GL_ARB_vertex_program GL_ARB_vertex_shader GL_ARB_window_pos GL_ATI_draw_buffers GL_ATI_envmap_bumpmap GL_ATI_fragment_shader GL_ATI_meminfo GL_ATI_separate_stencil GL_ATI_texture_compression_3dc GL_ATI_texture_env_combine3 GL_ATI_texture_float GL_EXT_abgr GL_EXT_bgra GL_EXT_bindable_uniform GL_EXT_blend_color GL_EXT_blend_equation_separate GL_EXT_blend_func_separate GL_EXT_blend_minmax GL_EXT_blend_subtract GL_EXT_compiled_vertex_array GL_EXT_copy_buffer GL_EXT_copy_texture GL_EXT_draw_buffers2 GL_EXT_draw_range_elements GL_EXT_fog_coord GL_EXT_framebuffer_blit GL_EXT_framebuffer_multisample GL_EXT_framebuffer_object GL_EXT_framebuffer_sRGB GL_EXT_gpu_program_parameters GL_EXT_gpu_shader4 GL_EXT_multi_draw_arrays GL_EXT_packed_depth_stencil GL_EXT_packed_float GL_EXT_packed_pixels GL_EXT_point_parameters GL_EXT_rescale_normal GL_EXT_secondary_color GL_EXT_separate_specular_color GL_EXT_shadow_funcs GL_EXT_stencil_wrap GL_EXT_subtexture GL_EXT_texgen_reflection GL_EXT_texture3D GL_EXT_texture_array GL_EXT_texture_buffer_object GL_EXT_texture_compression_latc GL_EXT_texture_compression_rgtc GL_EXT_texture_compression_s3tc GL_EXT_texture_cube_map GL_EXT_texture_edge_clamp GL_EXT_texture_env_add GL_EXT_texture_env_combine GL_EXT_texture_env_dot3 GL_EXT_texture_filter_anisotropic GL_EXT_texture_integer GL_EXT_texture_lod_bias GL_EXT_texture_mirror_clamp GL_EXT_texture_object GL_EXT_texture_rectangle GL_EXT_texture_sRGB GL_EXT_texture_shared_exponent GL_EXT_texture_swizzle GL_EXT_transform_feedback GL_EXT_vertex_array GL_KTX_buffer_region GL_NV_blend_square GL_NV_conditional_render GL_NV_copy_depth_to_color GL_NV_texgen_reflection GL_SGIS_generate_mipmap GL_SGIS_texture_edge_clamp GL_SGIS_texture_lod GL_WIN_swap_hint WGL_EXT_swap_control
18:13:24: Supported GLX extensions: GLX_ARB_create_context GLX_ARB_get_proc_address GLX_ARB_multisample GLX_EXT_import_context GLX_EXT_visual_info GLX_EXT_visual_rating GLX_MESA_swap_control GLX_NV_swap_group GLX_OML_swap_method GLX_SGI_video_sync GLX_SGIS_multisample GLX_SGIX_fbconfig GLX_SGIX_swap_barrier GLX_SGIX_swap_group GLX_SGIX_visual_select_group 
18:13:24: ***************************
18:13:24: *** GL Renderer Started ***
18:13:24: ***************************
18:13:24: Registering ResourceManager for type GpuProgram
18:13:24: GLSL support detected
18:13:24: GL: Using GL_EXT_framebuffer_object for rendering to textures (best)
18:13:24: FBO PF_UNKNOWN depth/stencil support: D0S1 D0S4 D0S8 D0S16 D16S0 D24S0 D32S0 Packed-D24S8 
18:13:24: FBO PF_L8 depth/stencil support: D0S0 D0S1 D0S4 D0S8 D0S16 D16S0 D24S0 D32S0 Packed-D24S8 
18:13:24: FBO PF_L16 depth/stencil support: D0S0 D0S1 D0S4 D0S8 D0S16 D16S0 D24S0 D32S0 Packed-D24S8 
18:13:24: FBO PF_A8 depth/stencil support: D0S0 D0S1 D0S4 D0S8 D0S16 D16S0 D24S0 D32S0 Packed-D24S8 
18:13:24: FBO PF_A4L4 depth/stencil support: D0S0 D0S1 D0S4 D0S8 D0S16 D16S0 D24S0 D32S0 Packed-D24S8 
18:13:24: FBO PF_BYTE_LA depth/stencil support: D0S0 D0S1 D0S4 D0S8 D0S16 D16S0 D24S0 D32S0 Packed-D24S8 
18:13:24: FBO PF_R5G6B5 depth/stencil support: D0S0 D0S1 D0S4 D0S8 D0S16 D16S0 D24S0 D32S0 Packed-D24S8 
18:13:24: FBO PF_B5G6R5 depth/stencil support: D0S0 D0S1 D0S4 D0S8 D0S16 D16S0 D24S0 D32S0 Packed-D24S8 
18:13:24: FBO PF_A4R4G4B4 depth/stencil support: D0S0 D0S1 D0S4 D0S8 D0S16 D16S0 D24S0 D32S0 Packed-D24S8 
18:13:24: FBO PF_A1R5G5B5 depth/stencil support: D0S0 D0S1 D0S4 D0S8 D0S16 D16S0 D24S0 D32S0 Packed-D24S8 
18:13:24: FBO PF_R8G8B8 depth/stencil support: D0S0 D0S1 D0S4 D0S8 D0S16 D16S0 D24S0 D32S0 Packed-D24S8 
18:13:24: FBO PF_B8G8R8 depth/stencil support: D0S0 D0S1 D0S4 D0S8 D0S16 D16S0 D24S0 D32S0 Packed-D24S8 
18:13:24: FBO PF_A8R8G8B8 depth/stencil support: D0S0 D0S1 D0S4 D0S8 D0S16 D16S0 D24S0 D32S0 Packed-D24S8 
18:13:24: FBO PF_B8G8R8A8 depth/stencil support: D0S0 D0S1 D0S4 D0S8 D0S16 D16S0 D24S0 D32S0 Packed-D24S8 
18:13:24: FBO PF_A2R10G10B10 depth/stencil support: D0S0 D0S1 D0S4 D0S8 D0S16 D16S0 D24S0 D32S0 Packed-D24S8 
18:13:24: FBO PF_A2B10G10R10 depth/stencil support: D0S0 D0S1 D0S4 D0S8 D0S16 D16S0 D24S0 D32S0 Packed-D24S8 
18:13:24: FBO PF_FLOAT16_RGB depth/stencil support: D0S0 D0S1 D0S4 D0S8 D0S16 D16S0 D24S0 D32S0 Packed-D24S8 
18:13:24: FBO PF_FLOAT16_RGBA depth/stencil support: D0S0 D0S1 D0S4 D0S8 D0S16 D16S0 D24S0 D32S0 Packed-D24S8 
18:13:24: FBO PF_FLOAT32_RGB depth/stencil support: D0S0 D0S1 D0S4 D0S8 D0S16 D16S0 D24S0 D32S0 Packed-D24S8 
18:13:24: FBO PF_FLOAT32_RGBA depth/stencil support: D0S0 D0S1 D0S4 D0S8 D0S16 D16S0 D24S0 D32S0 Packed-D24S8 
18:13:24: FBO PF_X8R8G8B8 depth/stencil support: D0S0 D0S1 D0S4 D0S8 D0S16 D16S0 D24S0 D32S0 Packed-D24S8 
18:13:24: FBO PF_X8B8G8R8 depth/stencil support: D0S0 D0S1 D0S4 D0S8 D0S16 D16S0 D24S0 D32S0 Packed-D24S8 
18:13:24: FBO PF_SHORT_RGBA depth/stencil support: D0S0 D0S1 D0S4 D0S8 D0S16 D16S0 D24S0 D32S0 Packed-D24S8 
18:13:24: FBO PF_R3G3B2 depth/stencil support: D0S0 D0S1 D0S4 D0S8 D0S16 D16S0 D24S0 D32S0 Packed-D24S8 
18:13:24: FBO PF_FLOAT16_R depth/stencil support: D0S0 D0S1 D0S4 D0S8 D0S16 D16S0 D24S0 D32S0 Packed-D24S8 
18:13:24: FBO PF_FLOAT32_R depth/stencil support: D0S0 D0S1 D0S4 D0S8 D0S16 D16S0 D24S0 D32S0 Packed-D24S8 
18:13:24: FBO PF_SHORT_GR depth/stencil support: D0S0 D0S1 D0S4 D0S8 D0S16 D16S0 D24S0 D32S0 Packed-D24S8 
18:13:24: FBO PF_FLOAT16_GR depth/stencil support: D0S0 D0S1 D0S4 D0S8 D0S16 D16S0 D24S0 D32S0 Packed-D24S8 
18:13:24: FBO PF_FLOAT32_GR depth/stencil support: D0S0 D0S1 D0S4 D0S8 D0S16 D16S0 D24S0 D32S0 Packed-D24S8 
18:13:24: FBO PF_SHORT_RGB depth/stencil support: D0S0 D0S1 D0S4 D0S8 D0S16 D16S0 D24S0 D32S0 Packed-D24S8 
18:13:24: [GL] : Valid FBO targets PF_UNKNOWN PF_L8 PF_L16 PF_A8 PF_A4L4 PF_BYTE_LA PF_R5G6B5 PF_B5G6R5 PF_A4R4G4B4 PF_A1R5G5B5 PF_R8G8B8 PF_B8G8R8 PF_A8R8G8B8 PF_B8G8R8A8 PF_A2R10G10B10 PF_A2B10G10R10 PF_FLOAT16_RGB PF_FLOAT16_RGBA PF_FLOAT32_RGB PF_FLOAT32_RGBA PF_X8R8G8B8 PF_X8B8G8R8 PF_SHORT_RGBA PF_R3G3B2 PF_FLOAT16_R PF_FLOAT32_R PF_SHORT_GR PF_FLOAT16_GR PF_FLOAT32_GR PF_SHORT_RGB 
18:13:24: RenderSystem capabilities
18:13:24: -------------------------
18:13:24: RenderSystem Name: OpenGL Rendering Subsystem
18:13:24: GPU Vendor: ati
18:13:24: Device Name: ATI Radeon HD 3450
18:13:24: Driver Version: 2.1.8575.0
18:13:24:  * Fixed function pipeline: yes
18:13:24:  * Hardware generation of mipmaps: no
18:13:24:  * Texture blending: yes
18:13:24:  * Anisotropic texture filtering: yes
18:13:24:  * Dot product texture operation: yes
18:13:24:  * Cube mapping: yes
18:13:24:  * Hardware stencil buffer: yes
18:13:24:    - Stencil depth: 8
18:13:24:    - Two sided stencil support: yes
18:13:24:    - Wrap stencil values: yes
18:13:24:  * Hardware vertex / index buffers: yes
18:13:24:  * Vertex programs: yes
18:13:24:  * Fragment programs: yes
18:13:24:  * Geometry programs: no
18:13:24:  * Supported Shader Profiles: arbfp1 arbvp1 glsl ps_1_1 ps_1_2 ps_1_3 ps_1_4
18:13:24:  * Texture Compression: yes
18:13:24:    - DXT: yes
18:13:24:    - VTC: no
18:13:24:  * Scissor Rectangle: yes
18:13:24:  * Hardware Occlusion Query: yes
18:13:24:  * User clip planes: yes
18:13:24:  * VET_UBYTE4 vertex element type: yes
18:13:24:  * Infinite far plane projection: yes
18:13:24:  * Hardware render-to-texture: yes
18:13:24:  * Floating point textures: yes
18:13:24:  * Non-power-of-two textures: yes
18:13:24:  * Volume textures: yes
18:13:24:  * Multiple Render Targets: 8
18:13:24:    - With different bit depths: yes
18:13:24:  * Point Sprites: yes
18:13:24:  * Extended point parameters: yes
18:13:24:  * Max Point Size: 8192
18:13:24:  * Vertex texture fetch: yes
18:13:24:    - Max vertex textures: 16
18:13:24:    - Vertex textures shared: yes
18:13:24:  * Render to Vertex Buffer : no
18:13:24:  * GL 1.5 without VBO workaround: no
18:13:24:  * Frame Buffer objects: yes
18:13:24:  * Frame Buffer objects (ARB extension): no
18:13:24:  * Frame Buffer objects (ATI extension): no
18:13:24:  * PBuffer suppport: no
18:13:24:  * GL 1.5 without HW-occlusion workaround: no
18:13:24: Registering ResourceManager for type Texture
18:13:24: ResourceBackgroundQueue - threading disabled
18:13:24: Particle Renderer Type 'billboard' registered
18:13:24: SceneManagerFactory for type 'BspSceneManager' registered.
18:13:24: Registering ResourceManager for type BspLevel
18:13:24: SceneManagerFactory for type 'OctreeSceneManager' registered.
18:13:24: SceneManagerFactory for type 'TerrainSceneManager' registered.
18:13:24: Parsing scripts for resource group Autodetect
18:13:24: Finished parsing scripts for resource group Autodetect
18:13:24: Parsing scripts for resource group General
18:13:24: Parsing script robot.material
18:13:24: Parsing script sample.fontdef
18:13:24: Finished parsing scripts for resource group General
18:13:24: Parsing scripts for resource group Internal
18:13:24: Finished parsing scripts for resource group Internal
18:13:24: Texture: TaharezLook.tga: Loading 1 faces(PF_A8R8G8B8,256x256x1) with 0 generated mipmaps from Image. Internal format is PF_A8R8G8B8,256x256x1.
18:13:25: Mesh: Loading robot.mesh.
18:13:25: Skeleton: Loading robot.skeleton
18:13:25: Texture: r2skin.jpg: Loading 1 faces(PF_R8G8B8,512x512x1) with 9 generated mipmaps from Image. Internal format is PF_X8R8G8B8,512x512x1.
18:13:25: Texture: _cegui_ogre_0: Loading 1 faces(PF_A8R8G8B8,128x128x1) with 0 generated mipmaps from Image. Internal format is PF_A8R8G8B8,128x128x1.
18:13:27: Unregistering ResourceManager for type BspLevel
18:13:27: *-*-* OGRE Shutdown
18:13:27: Unregistering ResourceManager for type Compositor
18:13:27: Unregistering ResourceManager for type Font
18:13:27: Unregistering ResourceManager for type Skeleton
18:13:27: Unregistering ResourceManager for type Mesh
18:13:27: Unregistering ResourceManager for type HighLevelGpuProgram
18:13:27: Uninstalling plugin: Cg Program Manager
18:13:27: Plugin successfully uninstalled
18:13:27: Unloading library /usr/local/lib/OGRE/Plugin_CgProgramManager.so
18:13:27: Uninstalling plugin: Octree & Terrain Scene Manager
18:13:27: Plugin successfully uninstalled
18:13:27: Unloading library /usr/local/lib/OGRE/Plugin_OctreeSceneManager.so
18:13:27: Uninstalling plugin: BSP Scene Manager
18:13:27: Plugin successfully uninstalled
18:13:27: Unloading library /usr/local/lib/OGRE/Plugin_BSPSceneManager.so
18:13:27: Uninstalling plugin: ParticleFX
18:13:27: Plugin successfully uninstalled
18:13:27: Unloading library /usr/local/lib/OGRE/Plugin_ParticleFX.so
18:13:27: Uninstalling plugin: GL RenderSystem
18:13:27: Unregistering ResourceManager for type GpuProgram
18:13:27: ******************************
*** Stopping GLX Subsystem ***
******************************
18:13:27: Unregistering ResourceManager for type Texture
18:13:27: Plugin successfully uninstalled
18:13:27: Unloading library /usr/local/lib/OGRE/RenderSystem_GL.so
18:13:27: Unregistering ResourceManager for type Material
