17:29:55: Creating resource group General
17:29:55: Creating resource group Internal
17:29:55: Creating resource group Autodetect
17:29:55: SceneManagerFactory for type 'DefaultSceneManager' registered.
17:29:55: Registering ResourceManager for type Material
17:29:55: Registering ResourceManager for type Mesh
17:29:55: Registering ResourceManager for type Skeleton
17:29:55: MovableObjectFactory for type 'ParticleSystem' registered.
17:29:55: OverlayElementFactory for type Panel registered.
17:29:55: OverlayElementFactory for type BorderPanel registered.
17:29:55: OverlayElementFactory for type TextArea registered.
17:29:55: Registering ResourceManager for type Font
17:29:55: ArchiveFactory for archive type FileSystem registered.
17:29:55: ArchiveFactory for archive type Zip registered.
17:29:55: FreeImage version: 3.10.0
17:29:55: This program uses FreeImage, a free, open source image library supporting all common bitmap formats. See http://freeimage.sourceforge.net for details
17:29:55: Supported formats: bmp,ico,jpg,jif,jpeg,jpe,jng,koa,iff,lbm,mng,pbm,pbm,pcd,pcx,pgm,pgm,png,ppm,ppm,ras,tga,targa,tif,tiff,wap,wbmp,wbm,psd,cut,xbm,xpm,gif,hdr,g3,sgi,exr,j2k,j2c,jp2
17:29:55: DDS codec registering
17:29:55: Registering ResourceManager for type HighLevelGpuProgram
17:29:55: Registering ResourceManager for type Compositor
17:29:55: MovableObjectFactory for type 'Entity' registered.
17:29:55: MovableObjectFactory for type 'Light' registered.
17:29:55: MovableObjectFactory for type 'BillboardSet' registered.
17:29:55: MovableObjectFactory for type 'ManualObject' registered.
17:29:55: MovableObjectFactory for type 'BillboardChain' registered.
17:29:55: MovableObjectFactory for type 'RibbonTrail' registered.
17:29:55: Loading library /usr/local/lib/OGRE/RenderSystem_GL.so
17:29:55: Installing plugin: GL RenderSystem
17:29:55: OpenGL Rendering Subsystem created.
17:29:56: Plugin successfully installed
17:29:56: Loading library /usr/local/lib/OGRE/Plugin_ParticleFX.so
17:29:56: Installing plugin: ParticleFX
17:29:56: Particle Emitter Type 'Point' registered
17:29:56: Particle Emitter Type 'Box' registered
17:29:56: Particle Emitter Type 'Ellipsoid' registered
17:29:56: Particle Emitter Type 'Cylinder' registered
17:29:56: Particle Emitter Type 'Ring' registered
17:29:56: Particle Emitter Type 'HollowEllipsoid' registered
17:29:56: Particle Affector Type 'LinearForce' registered
17:29:56: Particle Affector Type 'ColourFader' registered
17:29:56: Particle Affector Type 'ColourFader2' registered
17:29:56: Particle Affector Type 'ColourImage' registered
17:29:56: Particle Affector Type 'ColourInterpolator' registered
17:29:56: Particle Affector Type 'Scaler' registered
17:29:56: Particle Affector Type 'Rotator' registered
17:29:56: Particle Affector Type 'DirectionRandomiser' registered
17:29:56: Particle Affector Type 'DeflectorPlane' registered
17:29:56: Plugin successfully installed
17:29:56: Loading library /usr/local/lib/OGRE/Plugin_BSPSceneManager.so
17:29:56: Installing plugin: BSP Scene Manager
17:29:56: Plugin successfully installed
17:29:56: Loading library /usr/local/lib/OGRE/Plugin_OctreeSceneManager.so
17:29:56: Installing plugin: Octree & Terrain Scene Manager
17:29:56: Plugin successfully installed
17:29:56: Loading library /usr/local/lib/OGRE/Plugin_CgProgramManager.so
17:29:56: Installing plugin: Cg Program Manager
17:29:56: Plugin successfully installed
17:29:56: *-*-* OGRE Initialising
17:29:56: *-*-* Version 1.6.3 (Shoggoth)
17:29:56: Added resource location '.' of type 'FileSystem' to resource group 'General'
17:29:56: Added resource location './fhe' of type 'FileSystem' to resource group 'General'
17:29:56: Added resource location './fhe/math' of type 'FileSystem' to resource group 'General'
17:29:56: Added resource location './ogre' of type 'FileSystem' to resource group 'General'
17:29:56: Added resource location './ogre/media' of type 'FileSystem' to resource group 'General'
17:29:56: Added resource location './ogre/media/sleekspace' of type 'FileSystem' to resource group 'General'
17:29:56: Added resource location './ogre/media/gui' of type 'FileSystem' to resource group 'General'
17:29:56: Added resource location './ogre/media/robot' of type 'FileSystem' to resource group 'General'
17:29:56: Added resource location './ogre/media/fonts' of type 'FileSystem' to resource group 'General'
17:29:56: Added resource location './test' of type 'FileSystem' to resource group 'General'
17:29:56: Added resource location './ext' of type 'FileSystem' to resource group 'General'
17:29:56: Added resource location './ext/tinyxml' of type 'FileSystem' to resource group 'General'
17:29:56: CPU Identifier & Features
17:29:56: -------------------------
17:29:56:  *   CPU ID: GenuineIntel: Intel(R) Core(TM)2 Quad  CPU   Q8200  @ 2.33GHz
17:29:56:  *      SSE: yes
17:29:56:  *     SSE2: yes
17:29:56:  *     SSE3: yes
17:29:56:  *      MMX: yes
17:29:56:  *   MMXEXT: yes
17:29:56:  *    3DNOW: no
17:29:56:  * 3DNOWEXT: no
17:29:56:  *     CMOV: yes
17:29:56:  *      TSC: yes
17:29:56:  *      FPU: yes
17:29:56:  *      PRO: yes
17:29:56:  *       HT: no
17:29:56: -------------------------
17:29:56: ******************************
*** Starting GLX Subsystem ***
******************************
17:29:56: GLRenderSystem::_createRenderWindow "OGRE Render Window", 320x200 windowed  miscParams: FSAA=0 displayFrequency=60 MHz gamma= vsync=No 
17:29:56: OGRE EXCEPTION(6:FileNotFoundException): Cannot locate resource GLX_icon.png in resource group General or any other group. in ResourceGroupManager::openResource at OgreResourceGroupManager.cpp (line 753)
17:29:57: GLXWindow::create used FBConfigID = 39
17:29:57: GL_VERSION = 2.1.8575
17:29:57: GL_VENDOR = ATI Technologies Inc.
17:29:57: GL_RENDERER = ATI Radeon HD 3450
17:29:57: GL_EXTENSIONS = GL_AMD_performance_monitor GL_ARB_color_buffer_float GL_ARB_depth_buffer_float GL_ARB_depth_texture GL_ARB_draw_buffers GL_ARB_draw_instanced GL_ARB_fragment_program GL_ARB_fragment_program_shadow GL_ARB_fragment_shader GL_ARB_framebuffer_object GL_ARB_framebuffer_sRGB GL_ARB_half_float_pixel GL_ARB_half_float_vertex GL_ARB_instanced_arrays GL_ARB_map_buffer_range GL_ARB_multisample GL_ARB_multitexture GL_ARB_occlusion_query GL_ARB_pixel_buffer_object GL_ARB_point_parameters GL_ARB_point_sprite GL_ARB_shader_objects GL_ARB_shader_texture_lod GL_ARB_shading_language_100 GL_ARB_shadow GL_ARB_shadow_ambient GL_ARB_texture_border_clamp GL_ARB_texture_buffer_object GL_ARB_texture_compression GL_ARB_texture_compression_rgtc GL_ARB_texture_cube_map GL_ARB_texture_env_add GL_ARB_texture_env_combine GL_ARB_texture_env_crossbar GL_ARB_texture_env_dot3 GL_ARB_texture_float GL_ARB_texture_mirrored_repeat GL_ARB_texture_non_power_of_two GL_ARB_texture_rectangle GL_ARB_texture_rg GL_ARB_transpose_matrix GL_ARB_vertex_array_object GL_ARB_vertex_buffer_object GL_ARB_vertex_program GL_ARB_vertex_shader GL_ARB_window_pos GL_ATI_draw_buffers GL_ATI_envmap_bumpmap GL_ATI_fragment_shader GL_ATI_meminfo GL_ATI_separate_stencil GL_ATI_texture_compression_3dc GL_ATI_texture_env_combine3 GL_ATI_texture_float GL_EXT_abgr GL_EXT_bgra GL_EXT_bindable_uniform GL_EXT_blend_color GL_EXT_blend_equation_separate GL_EXT_blend_func_separate GL_EXT_blend_minmax GL_EXT_blend_subtract GL_EXT_compiled_vertex_array GL_EXT_copy_buffer GL_EXT_copy_texture GL_EXT_draw_buffers2 GL_EXT_draw_range_elements GL_EXT_fog_coord GL_EXT_framebuffer_blit GL_EXT_framebuffer_multisample GL_EXT_framebuffer_object GL_EXT_framebuffer_sRGB GL_EXT_gpu_program_parameters GL_EXT_gpu_shader4 GL_EXT_multi_draw_arrays GL_EXT_packed_depth_stencil GL_EXT_packed_float GL_EXT_packed_pixels GL_EXT_point_parameters GL_EXT_rescale_normal GL_EXT_secondary_color GL_EXT_separate_specular_color GL_EXT_shadow_funcs GL_EXT_stencil_wrap GL_EXT_subtexture GL_EXT_texgen_reflection GL_EXT_texture3D GL_EXT_texture_array GL_EXT_texture_buffer_object GL_EXT_texture_compression_latc GL_EXT_texture_compression_rgtc GL_EXT_texture_compression_s3tc GL_EXT_texture_cube_map GL_EXT_texture_edge_clamp GL_EXT_texture_env_add GL_EXT_texture_env_combine GL_EXT_texture_env_dot3 GL_EXT_texture_filter_anisotropic GL_EXT_texture_integer GL_EXT_texture_lod_bias GL_EXT_texture_mirror_clamp GL_EXT_texture_object GL_EXT_texture_rectangle GL_EXT_texture_sRGB GL_EXT_texture_shared_exponent GL_EXT_texture_swizzle GL_EXT_transform_feedback GL_EXT_vertex_array GL_KTX_buffer_region GL_NV_blend_square GL_NV_conditional_render GL_NV_copy_depth_to_color GL_NV_texgen_reflection GL_SGIS_generate_mipmap GL_SGIS_texture_edge_clamp GL_SGIS_texture_lod GL_WIN_swap_hint WGL_EXT_swap_control
17:29:57: Supported GLX extensions: GLX_ARB_create_context GLX_ARB_get_proc_address GLX_ARB_multisample GLX_EXT_import_context GLX_EXT_visual_info GLX_EXT_visual_rating GLX_MESA_swap_control GLX_NV_swap_group GLX_OML_swap_method GLX_SGI_video_sync GLX_SGIS_multisample GLX_SGIX_fbconfig GLX_SGIX_swap_barrier GLX_SGIX_swap_group GLX_SGIX_visual_select_group 
17:29:57: ***************************
17:29:57: *** GL Renderer Started ***
17:29:57: ***************************
17:29:57: Registering ResourceManager for type GpuProgram
17:29:57: GLSL support detected
17:29:57: GL: Using GL_EXT_framebuffer_object for rendering to textures (best)
17:29:57: FBO PF_UNKNOWN depth/stencil support: D0S1 D0S4 D0S8 D0S16 D16S0 D24S0 D32S0 Packed-D24S8 
17:29:57: FBO PF_L8 depth/stencil support: D0S0 D0S1 D0S4 D0S8 D0S16 D16S0 D24S0 D32S0 Packed-D24S8 
17:29:57: FBO PF_L16 depth/stencil support: D0S0 D0S1 D0S4 D0S8 D0S16 D16S0 D24S0 D32S0 Packed-D24S8 
17:29:57: FBO PF_A8 depth/stencil support: D0S0 D0S1 D0S4 D0S8 D0S16 D16S0 D24S0 D32S0 Packed-D24S8 
17:29:57: FBO PF_A4L4 depth/stencil support: D0S0 D0S1 D0S4 D0S8 D0S16 D16S0 D24S0 D32S0 Packed-D24S8 
17:29:57: FBO PF_BYTE_LA depth/stencil support: D0S0 D0S1 D0S4 D0S8 D0S16 D16S0 D24S0 D32S0 Packed-D24S8 
17:29:57: FBO PF_R5G6B5 depth/stencil support: D0S0 D0S1 D0S4 D0S8 D0S16 D16S0 D24S0 D32S0 Packed-D24S8 
17:29:57: FBO PF_B5G6R5 depth/stencil support: D0S0 D0S1 D0S4 D0S8 D0S16 D16S0 D24S0 D32S0 Packed-D24S8 
17:29:57: FBO PF_A4R4G4B4 depth/stencil support: D0S0 D0S1 D0S4 D0S8 D0S16 D16S0 D24S0 D32S0 Packed-D24S8 
17:29:57: FBO PF_A1R5G5B5 depth/stencil support: D0S0 D0S1 D0S4 D0S8 D0S16 D16S0 D24S0 D32S0 Packed-D24S8 
17:29:57: FBO PF_R8G8B8 depth/stencil support: D0S0 D0S1 D0S4 D0S8 D0S16 D16S0 D24S0 D32S0 Packed-D24S8 
17:29:57: FBO PF_B8G8R8 depth/stencil support: D0S0 D0S1 D0S4 D0S8 D0S16 D16S0 D24S0 D32S0 Packed-D24S8 
17:29:57: FBO PF_A8R8G8B8 depth/stencil support: D0S0 D0S1 D0S4 D0S8 D0S16 D16S0 D24S0 D32S0 Packed-D24S8 
17:29:57: FBO PF_B8G8R8A8 depth/stencil support: D0S0 D0S1 D0S4 D0S8 D0S16 D16S0 D24S0 D32S0 Packed-D24S8 
17:29:57: FBO PF_A2R10G10B10 depth/stencil support: D0S0 D0S1 D0S4 D0S8 D0S16 D16S0 D24S0 D32S0 Packed-D24S8 
17:29:57: FBO PF_A2B10G10R10 depth/stencil support: D0S0 D0S1 D0S4 D0S8 D0S16 D16S0 D24S0 D32S0 Packed-D24S8 
17:29:57: FBO PF_FLOAT16_RGB depth/stencil support: D0S0 D0S1 D0S4 D0S8 D0S16 D16S0 D24S0 D32S0 Packed-D24S8 
17:29:57: FBO PF_FLOAT16_RGBA depth/stencil support: D0S0 D0S1 D0S4 D0S8 D0S16 D16S0 D24S0 D32S0 Packed-D24S8 
17:29:57: FBO PF_FLOAT32_RGB depth/stencil support: D0S0 D0S1 D0S4 D0S8 D0S16 D16S0 D24S0 D32S0 Packed-D24S8 
17:29:57: FBO PF_FLOAT32_RGBA depth/stencil support: D0S0 D0S1 D0S4 D0S8 D0S16 D16S0 D24S0 D32S0 Packed-D24S8 
17:29:57: FBO PF_X8R8G8B8 depth/stencil support: D0S0 D0S1 D0S4 D0S8 D0S16 D16S0 D24S0 D32S0 Packed-D24S8 
17:29:57: FBO PF_X8B8G8R8 depth/stencil support: D0S0 D0S1 D0S4 D0S8 D0S16 D16S0 D24S0 D32S0 Packed-D24S8 
17:29:57: FBO PF_SHORT_RGBA depth/stencil support: D0S0 D0S1 D0S4 D0S8 D0S16 D16S0 D24S0 D32S0 Packed-D24S8 
17:29:57: FBO PF_R3G3B2 depth/stencil support: D0S0 D0S1 D0S4 D0S8 D0S16 D16S0 D24S0 D32S0 Packed-D24S8 
17:29:57: FBO PF_FLOAT16_R depth/stencil support: D0S0 D0S1 D0S4 D0S8 D0S16 D16S0 D24S0 D32S0 Packed-D24S8 
17:29:57: FBO PF_FLOAT32_R depth/stencil support: D0S0 D0S1 D0S4 D0S8 D0S16 D16S0 D24S0 D32S0 Packed-D24S8 
17:29:57: FBO PF_SHORT_GR depth/stencil support: D0S0 D0S1 D0S4 D0S8 D0S16 D16S0 D24S0 D32S0 Packed-D24S8 
17:29:57: FBO PF_FLOAT16_GR depth/stencil support: D0S0 D0S1 D0S4 D0S8 D0S16 D16S0 D24S0 D32S0 Packed-D24S8 
17:29:57: FBO PF_FLOAT32_GR depth/stencil support: D0S0 D0S1 D0S4 D0S8 D0S16 D16S0 D24S0 D32S0 Packed-D24S8 
17:29:57: FBO PF_SHORT_RGB depth/stencil support: D0S0 D0S1 D0S4 D0S8 D0S16 D16S0 D24S0 D32S0 Packed-D24S8 
17:29:57: [GL] : Valid FBO targets PF_UNKNOWN PF_L8 PF_L16 PF_A8 PF_A4L4 PF_BYTE_LA PF_R5G6B5 PF_B5G6R5 PF_A4R4G4B4 PF_A1R5G5B5 PF_R8G8B8 PF_B8G8R8 PF_A8R8G8B8 PF_B8G8R8A8 PF_A2R10G10B10 PF_A2B10G10R10 PF_FLOAT16_RGB PF_FLOAT16_RGBA PF_FLOAT32_RGB PF_FLOAT32_RGBA PF_X8R8G8B8 PF_X8B8G8R8 PF_SHORT_RGBA PF_R3G3B2 PF_FLOAT16_R PF_FLOAT32_R PF_SHORT_GR PF_FLOAT16_GR PF_FLOAT32_GR PF_SHORT_RGB 
17:29:57: RenderSystem capabilities
17:29:57: -------------------------
17:29:57: RenderSystem Name: OpenGL Rendering Subsystem
17:29:57: GPU Vendor: ati
17:29:57: Device Name: ATI Radeon HD 3450
17:29:57: Driver Version: 2.1.8575.0
17:29:57:  * Fixed function pipeline: yes
17:29:57:  * Hardware generation of mipmaps: no
17:29:57:  * Texture blending: yes
17:29:57:  * Anisotropic texture filtering: yes
17:29:57:  * Dot product texture operation: yes
17:29:57:  * Cube mapping: yes
17:29:57:  * Hardware stencil buffer: yes
17:29:57:    - Stencil depth: 8
17:29:57:    - Two sided stencil support: yes
17:29:57:    - Wrap stencil values: yes
17:29:57:  * Hardware vertex / index buffers: yes
17:29:57:  * Vertex programs: yes
17:29:57:  * Fragment programs: yes
17:29:57:  * Geometry programs: no
17:29:57:  * Supported Shader Profiles: arbfp1 arbvp1 glsl ps_1_1 ps_1_2 ps_1_3 ps_1_4
17:29:57:  * Texture Compression: yes
17:29:57:    - DXT: yes
17:29:57:    - VTC: no
17:29:57:  * Scissor Rectangle: yes
17:29:57:  * Hardware Occlusion Query: yes
17:29:57:  * User clip planes: yes
17:29:57:  * VET_UBYTE4 vertex element type: yes
17:29:57:  * Infinite far plane projection: yes
17:29:57:  * Hardware render-to-texture: yes
17:29:57:  * Floating point textures: yes
17:29:57:  * Non-power-of-two textures: yes
17:29:57:  * Volume textures: yes
17:29:57:  * Multiple Render Targets: 8
17:29:57:    - With different bit depths: yes
17:29:57:  * Point Sprites: yes
17:29:57:  * Extended point parameters: yes
17:29:57:  * Max Point Size: 8192
17:29:57:  * Vertex texture fetch: yes
17:29:57:    - Max vertex textures: 16
17:29:57:    - Vertex textures shared: yes
17:29:57:  * Render to Vertex Buffer : no
17:29:57:  * GL 1.5 without VBO workaround: no
17:29:57:  * Frame Buffer objects: yes
17:29:57:  * Frame Buffer objects (ARB extension): no
17:29:57:  * Frame Buffer objects (ATI extension): no
17:29:57:  * PBuffer suppport: no
17:29:57:  * GL 1.5 without HW-occlusion workaround: no
17:29:57: Registering ResourceManager for type Texture
17:29:57: ResourceBackgroundQueue - threading disabled
17:29:57: Particle Renderer Type 'billboard' registered
17:29:57: SceneManagerFactory for type 'BspSceneManager' registered.
17:29:57: Registering ResourceManager for type BspLevel
17:29:57: SceneManagerFactory for type 'OctreeSceneManager' registered.
17:29:57: SceneManagerFactory for type 'TerrainSceneManager' registered.
17:29:57: Parsing scripts for resource group Autodetect
17:29:57: Finished parsing scripts for resource group Autodetect
17:29:57: Parsing scripts for resource group General
17:29:57: Parsing script robot.material
17:29:57: Parsing script sample.fontdef
17:29:57: Finished parsing scripts for resource group General
17:29:57: Parsing scripts for resource group Internal
17:29:57: Finished parsing scripts for resource group Internal
17:29:57: Texture: TaharezLook.tga: Loading 1 faces(PF_A8R8G8B8,256x256x1) with 0 generated mipmaps from Image. Internal format is PF_A8R8G8B8,256x256x1.
17:29:57: Mesh: Loading robot.mesh.
17:29:57: Skeleton: Loading robot.skeleton
17:29:57: Texture: r2skin.jpg: Loading 1 faces(PF_R8G8B8,512x512x1) with 9 generated mipmaps from Image. Internal format is PF_X8R8G8B8,512x512x1.
17:29:57: Texture: _cegui_ogre_0: Loading 1 faces(PF_A8R8G8B8,128x128x1) with 0 generated mipmaps from Image. Internal format is PF_A8R8G8B8,128x128x1.
